2018-05-02 14:47:58,903 INFO 9774 [model] [35mSELECT VERSION() as `version`[39m (54ms)
2018-05-02 14:47:59,146 INFO 9774 [model] [35mSELECT 1+1 AS result[39m (52ms)
2018-05-02 14:54:14,423 INFO 9795 [model] [35mSELECT VERSION() as `version`[39m (51ms)
2018-05-02 14:54:14,667 INFO 9795 [model] [35mSELECT 1+1 AS result[39m (45ms)
2018-05-02 14:54:16,029 INFO 9802 [model] [35mSELECT VERSION() as `version`[39m (49ms)
2018-05-02 14:54:16,266 INFO 9802 [model] [35mSELECT 1+1 AS result[39m (48ms)
2018-05-02 14:55:45,414 INFO 9819 [model] [35mSELECT VERSION() as `version`[39m (52ms)
2018-05-02 14:55:45,656 INFO 9819 [model] [35mSELECT 1+1 AS result[39m (47ms)
2018-05-02 14:55:46,943 INFO 9826 [model] [35mSELECT VERSION() as `version`[39m (45ms)
2018-05-02 14:55:47,183 INFO 9826 [model] [35mSELECT 1+1 AS result[39m (55ms)
2018-05-02 14:57:49,240 INFO 9836 [model] [35mSELECT VERSION() as `version`[39m (55ms)
2018-05-02 14:57:49,467 INFO 9836 [model] [35mSELECT 1+1 AS result[39m (46ms)
2018-05-02 14:57:50,828 INFO 9843 [model] [35mSELECT VERSION() as `version`[39m (50ms)
2018-05-02 14:57:51,051 INFO 9843 [model] [35mSELECT 1+1 AS result[39m (45ms)
2018-05-02 14:58:25,344 INFO 9851 [model] [35mSELECT VERSION() as `version`[39m (50ms)
2018-05-02 14:58:25,580 INFO 9851 [model] [35mSELECT 1+1 AS result[39m (46ms)
2018-05-02 14:58:26,780 INFO 9852 [model] [35mSELECT VERSION() as `version`[39m (49ms)
2018-05-02 14:58:27,022 INFO 9852 [model] [35mSELECT 1+1 AS result[39m (47ms)
2018-05-02 14:59:12,305 INFO 9859 [model] [35mSELECT VERSION() as `version`[39m (51ms)
2018-05-02 14:59:12,540 INFO 9859 [model] [35mSELECT 1+1 AS result[39m (48ms)
2018-05-02 14:59:13,769 INFO 9860 [model] [35mSELECT VERSION() as `version`[39m (52ms)
2018-05-02 14:59:14,025 INFO 9860 [model] [35mSELECT 1+1 AS result[39m (50ms)
2018-05-02 14:59:42,119 INFO 9869 [model] [35mSELECT VERSION() as `version`[39m (54ms)
2018-05-02 14:59:42,358 INFO 9869 [model] [35mSELECT 1+1 AS result[39m (48ms)
2018-05-02 14:59:43,798 INFO 9870 [model] [35mSELECT VERSION() as `version`[39m (52ms)
2018-05-02 14:59:44,048 INFO 9870 [model] [35mSELECT 1+1 AS result[39m (50ms)
2018-05-02 15:04:59,492 INFO 9896 [model] [35mSELECT VERSION() as `version`[39m (54ms)
2018-05-02 15:04:59,739 INFO 9896 [model] [35mSELECT 1+1 AS result[39m (45ms)
2018-05-02 15:05:15,967 INFO 9910 [model] [35mSELECT VERSION() as `version`[39m (98ms)
2018-05-02 15:05:16,228 INFO 9910 [model] [35mSELECT 1+1 AS result[39m (52ms)
2018-05-02 15:09:37,186 INFO 9928 [model] [35mSELECT VERSION() as `version`[39m (50ms)
2018-05-02 15:09:37,424 INFO 9928 [model] [35mSELECT 1+1 AS result[39m (47ms)
2018-05-02 15:12:31,742 INFO 9940 [model] [35mSELECT VERSION() as `version`[39m (49ms)
2018-05-02 15:12:32,001 INFO 9940 [model] [35mSELECT 1+1 AS result[39m (44ms)
2018-05-02 15:12:33,283 INFO 9941 [model] [35mSELECT VERSION() as `version`[39m (46ms)
2018-05-02 15:12:33,531 INFO 9941 [model] [35mSELECT 1+1 AS result[39m (48ms)
2018-05-02 15:13:15,625 INFO 9955 [model] [35mSELECT VERSION() as `version`[39m (51ms)
2018-05-02 15:13:15,868 INFO 9955 [model] [35mSELECT 1+1 AS result[39m (48ms)
2018-05-02 15:13:18,430 INFO 9962 [model] [35mSELECT VERSION() as `version`[39m (51ms)
2018-05-02 15:13:18,689 INFO 9962 [model] [35mSELECT 1+1 AS result[39m (51ms)
2018-05-02 15:13:19,956 INFO 9963 [model] [35mSELECT VERSION() as `version`[39m (51ms)
2018-05-02 15:13:20,194 INFO 9963 [model] [35mSELECT 1+1 AS result[39m (47ms)
2018-05-02 15:14:02,922 INFO 9980 [model] [35mSELECT VERSION() as `version`[39m (51ms)
2018-05-02 15:14:03,166 INFO 9980 [model] [35mSELECT 1+1 AS result[39m (52ms)
2018-05-02 15:14:06,075 INFO 9987 [model] [35mSELECT VERSION() as `version`[39m (51ms)
2018-05-02 15:14:06,320 INFO 9987 [model] [35mSELECT 1+1 AS result[39m (48ms)
2018-05-02 15:14:43,570 INFO 9987 [model] [35mINSERT INTO `user` (`id`,`username`,`password`,`email`) VALUES (DEFAULT,'klren','$2a$10$f..ajdQ5uSe5WecrEBx5X.pcyHaimzW/IeuOA3cucZ8vVPbpclxwq','klren@qq.com');[39m (49ms)
2018-05-02 15:17:55,579 INFO 9997 [model] [35mSELECT VERSION() as `version`[39m (49ms)
2018-05-02 15:17:55,825 INFO 9997 [model] [35mSELECT 1+1 AS result[39m (50ms)
2018-05-02 15:18:34,496 INFO 10005 [model] [35mSELECT VERSION() as `version`[39m (54ms)
2018-05-02 15:18:34,747 INFO 10005 [model] [35mSELECT 1+1 AS result[39m (49ms)
2018-05-02 15:18:35,994 INFO 10006 [model] [35mSELECT VERSION() as `version`[39m (52ms)
2018-05-02 15:18:36,226 INFO 10006 [model] [35mSELECT 1+1 AS result[39m (50ms)
2018-05-02 15:18:52,331 INFO 10014 [model] [35mSELECT VERSION() as `version`[39m (50ms)
2018-05-02 15:18:52,560 INFO 10014 [model] [35mSELECT 1+1 AS result[39m (46ms)
2018-05-02 15:18:56,635 INFO 10014 [model] [35mINSERT INTO `user` (`id`,`username`,`password`,`email`,`livecode`) VALUES (DEFAULT,'klren','$2a$10$YuaXE05aStbTWekYbb6Y5.IuNVFS2.J2O4LgPeMY8gEZrVnASoaAq','klren@qq.com','klren');[39m (64ms)
2018-05-02 15:19:21,876 INFO 10030 [model] [35mSELECT VERSION() as `version`[39m (52ms)
2018-05-02 15:19:22,126 INFO 10030 [model] [35mSELECT 1+1 AS result[39m (48ms)
2018-05-02 15:19:23,460 INFO 10031 [model] [35mSELECT VERSION() as `version`[39m (52ms)
2018-05-02 15:19:23,704 INFO 10031 [model] [35mSELECT 1+1 AS result[39m (49ms)
2018-05-02 15:19:26,300 INFO 10031 [model] [35mINSERT INTO `user` (`id`,`username`,`password`,`email`,`livecode`) VALUES (DEFAULT,'klren','$2a$10$KP3aFo3MXJMzDPUXa/kyxe8o1ZmjVVUKW1DWiTyQTkZecPZdZamd.','klren@qq.com','klren');[39m (58ms)
2018-05-02 15:21:50,351 INFO 10031 [model] [35mINSERT INTO `user` (`id`,`username`,`password`,`email`,`livecode`) VALUES (DEFAULT,'klren','$2a$10$9ovwQV26x1DcCiYtqAxM6OwGJVvfPK/BgH7q2suRn6O7CAR7ideE.','klren@qq.com','klren');[39m (90ms)
2018-05-02 15:25:26,812 INFO 10142 [model] [35mSELECT VERSION() as `version`[39m (53ms)
2018-05-02 15:25:27,037 INFO 10142 [model] [35mSELECT 1+1 AS result[39m (44ms)
2018-05-02 15:25:32,833 INFO 10142 [model] [35mINSERT INTO `user` (`id`,`username`,`password`,`email`,`livecode`) VALUES (DEFAULT,'klren','$2a$10$OIDNweWQvxeUH0UiXYROJuCktEalGLulxh0d5ro6pw7HVxXn4JY8C','klren@qq.com','klren');[39m (56ms)
2018-05-02 15:26:30,863 INFO 10150 [model] [35mSELECT VERSION() as `version`[39m (54ms)
2018-05-02 15:26:31,098 INFO 10150 [model] [35mSELECT 1+1 AS result[39m (46ms)
2018-05-02 15:26:32,481 INFO 10151 [model] [35mSELECT VERSION() as `version`[39m (51ms)
2018-05-02 15:26:32,706 INFO 10151 [model] [35mSELECT 1+1 AS result[39m (44ms)
2018-05-02 15:26:33,928 INFO 10151 [model] [35mINSERT INTO `user` (`id`,`username`,`password`,`email`,`livecode`) VALUES (DEFAULT,'klren','$2a$10$CcYm3TvN8On7ICs.cWtY2OmavozyFb/o4Iwxpj2dZs3eRAJDrE9p6','klren@qq.com','klren');[39m (85ms)
2018-05-02 15:26:45,767 INFO 10151 [model] [35mINSERT INTO `user` (`id`,`username`,`password`,`email`,`livecode`) VALUES (DEFAULT,'klren123','$2a$10$fI362D5Pr/LfQwkGIAKixeQzlcGfMm.BNjvHv9CpOMYo/QErKHsrm','klren123@qq.com','klren123');[39m (54ms)
2018-05-02 15:31:48,630 INFO 10171 [model] [35mSELECT VERSION() as `version`[39m (55ms)
2018-05-02 15:31:48,881 INFO 10171 [model] [35mSELECT 1+1 AS result[39m (49ms)
2018-05-02 15:31:50,409 INFO 10172 [model] [35mSELECT VERSION() as `version`[39m (49ms)
2018-05-02 15:31:50,665 INFO 10172 [model] [35mSELECT 1+1 AS result[39m (50ms)
2018-05-02 15:32:37,288 INFO 10198 [model] [35mSELECT VERSION() as `version`[39m (53ms)
2018-05-02 15:32:37,508 INFO 10198 [model] [35mSELECT 1+1 AS result[39m (43ms)
2018-05-02 15:34:50,354 INFO 10207 [model] [35mSELECT VERSION() as `version`[39m (46ms)
2018-05-02 15:34:50,582 INFO 10207 [model] [35mSELECT 1+1 AS result[39m (45ms)
2018-05-02 15:34:51,951 INFO 10209 [model] [35mSELECT VERSION() as `version`[39m (48ms)
2018-05-02 15:34:52,181 INFO 10209 [model] [35mSELECT 1+1 AS result[39m (43ms)
2018-05-02 15:34:54,620 INFO 10209 [model] [35mSELECT `id`, `username`, `password`, `email`, `livecode` FROM `user` AS `user` WHERE `user`.`username` = 'klren';[39m (45ms)
2018-05-02 15:37:13,220 INFO 10232 [model] [35mSELECT VERSION() as `version`[39m (52ms)
2018-05-02 15:37:13,479 INFO 10232 [model] [35mSELECT 1+1 AS result[39m (53ms)
2018-05-02 15:37:14,793 INFO 10233 [model] [35mSELECT VERSION() as `version`[39m (51ms)
2018-05-02 15:37:15,035 INFO 10233 [model] [35mSELECT 1+1 AS result[39m (48ms)
2018-05-02 15:37:18,702 INFO 10233 [model] [35mSELECT `id`, `username`, `password`, `email`, `livecode` FROM `user` AS `user` WHERE `user`.`username` = 'klren';[39m (48ms)
2018-05-02 15:38:59,997 INFO 10340 [model] [35mSELECT VERSION() as `version`[39m (50ms)
2018-05-02 15:39:00,278 INFO 10340 [model] [35mSELECT 1+1 AS result[39m (49ms)
2018-05-02 15:39:02,632 INFO 10340 [model] [35mSELECT `id`, `username`, `password`, `email`, `livecode` FROM `user` AS `user` WHERE `user`.`username` = 'klren';[39m (55ms)
2018-05-02 15:39:33,450 INFO 10348 [model] [35mSELECT VERSION() as `version`[39m (53ms)
2018-05-02 15:39:33,682 INFO 10348 [model] [35mSELECT 1+1 AS result[39m (46ms)
2018-05-02 15:39:34,985 INFO 10349 [model] [35mSELECT VERSION() as `version`[39m (53ms)
2018-05-02 15:39:35,250 INFO 10349 [model] [35mSELECT 1+1 AS result[39m (49ms)
2018-05-02 15:39:43,363 INFO 10357 [model] [35mSELECT VERSION() as `version`[39m (55ms)
2018-05-02 15:39:43,580 INFO 10357 [model] [35mSELECT 1+1 AS result[39m (43ms)
2018-05-02 15:39:49,223 INFO 10367 [model] [35mSELECT VERSION() as `version`[39m (52ms)
2018-05-02 15:39:49,470 INFO 10367 [model] [35mSELECT 1+1 AS result[39m (47ms)
2018-05-02 15:39:53,932 INFO 10376 [model] [35mSELECT VERSION() as `version`[39m (47ms)
2018-05-02 15:39:54,167 INFO 10376 [model] [35mSELECT 1+1 AS result[39m (46ms)
2018-05-02 15:40:27,238 INFO 10397 [model] [35mSELECT VERSION() as `version`[39m (50ms)
2018-05-02 15:40:27,461 INFO 10397 [model] [35mSELECT 1+1 AS result[39m (44ms)
2018-05-02 15:46:42,558 INFO 10424 [model] [35mSELECT VERSION() as `version`[39m (73ms)
2018-05-02 15:46:42,836 INFO 10424 [model] [35mSELECT 1+1 AS result[39m (52ms)
2018-05-02 15:46:44,305 INFO 10431 [model] [35mSELECT VERSION() as `version`[39m (51ms)
2018-05-02 15:46:44,526 INFO 10431 [model] [35mSELECT 1+1 AS result[39m (46ms)
2018-05-02 15:48:35,629 INFO 10446 [model] [35mSELECT VERSION() as `version`[39m (119ms)
2018-05-02 15:48:36,010 INFO 10446 [model] [35mSELECT 1+1 AS result[39m (61ms)
2018-05-02 15:49:58,430 INFO 10460 [model] [35mSELECT VERSION() as `version`[39m (50ms)
2018-05-02 15:49:58,672 INFO 10460 [model] [35mSELECT 1+1 AS result[39m (47ms)
2018-05-02 15:50:00,035 INFO 10461 [model] [35mSELECT VERSION() as `version`[39m (49ms)
2018-05-02 15:50:00,298 INFO 10461 [model] [35mSELECT 1+1 AS result[39m (51ms)
2018-05-02 15:51:56,254 INFO 10476 [model] [35mSELECT VERSION() as `version`[39m (49ms)
2018-05-02 15:51:56,498 INFO 10476 [model] [35mSELECT 1+1 AS result[39m (46ms)
2018-05-02 15:51:57,878 INFO 10477 [model] [35mSELECT VERSION() as `version`[39m (54ms)
2018-05-02 15:51:58,114 INFO 10477 [model] [35mSELECT 1+1 AS result[39m (48ms)
2018-05-02 15:52:26,140 INFO 10492 [model] [35mSELECT VERSION() as `version`[39m (47ms)
2018-05-02 15:52:26,364 INFO 10492 [model] [35mSELECT 1+1 AS result[39m (43ms)
2018-05-02 15:52:27,810 INFO 10493 [model] [35mSELECT VERSION() as `version`[39m (47ms)
2018-05-02 15:52:28,031 INFO 10493 [model] [35mSELECT 1+1 AS result[39m (44ms)
2018-05-02 15:54:14,069 INFO 10510 [model] [35mSELECT VERSION() as `version`[39m (49ms)
2018-05-02 15:54:14,298 INFO 10510 [model] [35mSELECT 1+1 AS result[39m (45ms)
2018-05-02 15:57:39,891 INFO 10525 [model] [35mSELECT VERSION() as `version`[39m (50ms)
2018-05-02 15:57:40,133 INFO 10525 [model] [35mSELECT 1+1 AS result[39m (45ms)
2018-05-02 15:57:41,463 INFO 10526 [model] [35mSELECT VERSION() as `version`[39m (52ms)
2018-05-02 15:57:41,704 INFO 10526 [model] [35mSELECT 1+1 AS result[39m (50ms)
2018-05-02 15:57:54,763 INFO 10534 [model] [35mSELECT VERSION() as `version`[39m (51ms)
2018-05-02 15:57:55,019 INFO 10534 [model] [35mSELECT 1+1 AS result[39m (47ms)
2018-05-02 15:58:29,932 INFO 10546 [model] [35mSELECT VERSION() as `version`[39m (51ms)
2018-05-02 15:58:30,176 INFO 10546 [model] [35mSELECT 1+1 AS result[39m (49ms)
2018-05-02 15:58:31,565 INFO 10547 [model] [35mSELECT VERSION() as `version`[39m (49ms)
2018-05-02 15:58:31,796 INFO 10547 [model] [35mSELECT 1+1 AS result[39m (44ms)
2018-05-02 15:58:37,611 INFO 10547 [model] [35mSELECT `id`, `username`, `password`, `email`, `livecode` FROM `user` AS `user` LIMIT '0', '10';[39m (44ms)
2018-05-02 15:59:08,301 INFO 10560 [model] [35mSELECT VERSION() as `version`[39m (51ms)
2018-05-02 15:59:08,544 INFO 10560 [model] [35mSELECT 1+1 AS result[39m (47ms)
2018-05-02 15:59:10,918 INFO 10562 [model] [35mSELECT VERSION() as `version`[39m (48ms)
2018-05-02 15:59:11,165 INFO 10562 [model] [35mSELECT 1+1 AS result[39m (48ms)
2018-05-02 15:59:28,220 INFO 10577 [model] [35mSELECT VERSION() as `version`[39m (50ms)
2018-05-02 15:59:28,444 INFO 10577 [model] [35mSELECT 1+1 AS result[39m (43ms)
2018-05-02 15:59:49,646 INFO 10591 [model] [35mSELECT VERSION() as `version`[39m (51ms)
2018-05-02 15:59:49,889 INFO 10591 [model] [35mSELECT 1+1 AS result[39m (45ms)
2018-05-02 15:59:51,344 INFO 10592 [model] [35mSELECT VERSION() as `version`[39m (58ms)
2018-05-02 15:59:51,638 INFO 10592 [model] [35mSELECT 1+1 AS result[39m (91ms)
2018-05-02 15:59:53,030 INFO 10592 [model] [35mSELECT `id`, `username`, `password`, `email`, `livecode` FROM `user` AS `user` LIMIT 0, 10;[39m (70ms)
2018-05-02 16:00:09,535 INFO 10606 [model] [35mSELECT VERSION() as `version`[39m (51ms)
2018-05-02 16:00:09,785 INFO 10606 [model] [35mSELECT 1+1 AS result[39m (49ms)
2018-05-02 16:00:23,782 INFO 10619 [model] [35mSELECT VERSION() as `version`[39m (51ms)
2018-05-02 16:00:24,021 INFO 10619 [model] [35mSELECT 1+1 AS result[39m (48ms)
2018-05-02 16:00:29,296 INFO 10627 [model] [35mSELECT VERSION() as `version`[39m (49ms)
2018-05-02 16:00:29,529 INFO 10627 [model] [35mSELECT 1+1 AS result[39m (46ms)
2018-05-02 16:00:37,417 INFO 10627 [model] [35mSELECT `id`, `username`, `password`, `email`, `livecode` FROM `user` AS `user` LIMIT 0, 10;[39m (49ms)
2018-05-02 16:05:42,106 INFO 10627 [model] [35mSELECT `id`, `username`, `password`, `email`, `livecode` FROM `user` AS `user` WHERE `user`.`username` = 'klren';[39m (46ms)
2018-05-02 16:06:28,722 INFO 10650 [model] [35mSELECT VERSION() as `version`[39m (54ms)
2018-05-02 16:06:28,958 INFO 10650 [model] [35mSELECT 1+1 AS result[39m (46ms)
2018-05-02 16:06:31,912 INFO 10650 [model] [35mSELECT `id`, `username`, `password`, `email`, `livecode` FROM `user` AS `user` WHERE `user`.`username` = 'klren';[39m (50ms)
2018-05-02 16:07:59,504 INFO 10665 [model] [35mSELECT VERSION() as `version`[39m (48ms)
2018-05-02 16:07:59,734 INFO 10665 [model] [35mSELECT 1+1 AS result[39m (45ms)
2018-05-02 16:08:01,243 INFO 10666 [model] [35mSELECT VERSION() as `version`[39m (55ms)
2018-05-02 16:08:01,491 INFO 10666 [model] [35mSELECT 1+1 AS result[39m (48ms)
2018-05-02 16:08:02,265 INFO 10666 [model] [35mSELECT `id`, `username`, `password`, `email`, `livecode` FROM `user` AS `user` LIMIT 0, 10;[39m (50ms)
2018-05-02 16:08:06,037 WARN 10666 [-/127.0.0.1/-/1ms GET /] nodejs.UnauthorizedError: No authorization token was found
    at middleware (/Users/klren/Projects/live_bd/node_modules/koa-jwt2/lib/index.js:89:15)
    at dispatch (/Users/klren/Projects/live_bd/node_modules/koa-router/node_modules/koa-compose/index.js:44:32)
    at next (/Users/klren/Projects/live_bd/node_modules/koa-router/node_modules/koa-compose/index.js:45:18)
    at /Users/klren/Projects/live_bd/node_modules/koa-router/lib/router.js:346:16
    at dispatch (/Users/klren/Projects/live_bd/node_modules/koa-router/node_modules/koa-compose/index.js:44:32)
    at /Users/klren/Projects/live_bd/node_modules/koa-router/node_modules/koa-compose/index.js:36:12
    at dispatch (/Users/klren/Projects/live_bd/node_modules/koa-router/lib/router.js:351:31)
    at dispatch (/Users/klren/Projects/live_bd/node_modules/koa-compose/index.js:42:32)
    at next (/Users/klren/Projects/live_bd/node_modules/koa-compose/index.js:43:18)
    at notFoundHandler (/Users/klren/Projects/live_bd/app/middleware/notfound_handler.js:5:11)
    at dispatch (/Users/klren/Projects/live_bd/node_modules/koa-compose/index.js:42:32)
    at next (/Users/klren/Projects/live_bd/node_modules/koa-compose/index.js:43:18)
    at /Users/klren/Projects/live_bd/app/middleware/error_handler.js:6:13
    at dispatch (/Users/klren/Projects/live_bd/node_modules/koa-compose/index.js:42:32)
    at next (/Users/klren/Projects/live_bd/node_modules/koa-compose/index.js:43:18)
    at i18n (/Users/klren/Projects/live_bd/node_modules/egg-i18n/app/middleware/i18n.js:13:12)
    at dispatch (/Users/klren/Projects/live_bd/node_modules/koa-compose/index.js:42:32)
    at next (/Users/klren/Projects/live_bd/node_modules/koa-compose/index.js:43:18)
    at dispatch (/Users/klren/Projects/live_bd/node_modules/koa-compose/index.js:42:32)
    at next (/Users/klren/Projects/live_bd/node_modules/koa-compose/index.js:43:18)
    at dta (/Users/klren/Projects/live_bd/node_modules/egg-security/lib/middlewares/dta.js:12:12)
    at dispatch (/Users/klren/Projects/live_bd/node_modules/koa-compose/index.js:42:32)
name: 'UnauthorizedError'
message: 'No authorization token was found'
code: 'credentials_required'
status: 401
inner: { message: 'No authorization token was found' }
pid: 10666
hostname: renzhizhongdeMacBook-Air.local

2018-05-02 16:08:10,039 INFO 10666 [model] [35mSELECT `id`, `username`, `password`, `email`, `livecode` FROM `user` AS `user` LIMIT 0, 10;[39m (48ms)
2018-05-02 16:10:10,502 INFO 10682 [model] [35mSELECT VERSION() as `version`[39m (51ms)
2018-05-02 16:10:10,724 INFO 10682 [model] [35mSELECT 1+1 AS result[39m (44ms)
2018-05-02 16:10:12,046 INFO 10683 [model] [35mSELECT VERSION() as `version`[39m (50ms)
2018-05-02 16:10:12,293 INFO 10683 [model] [35mSELECT 1+1 AS result[39m (49ms)
2018-05-02 16:10:24,251 INFO 10696 [model] [35mSELECT VERSION() as `version`[39m (50ms)
2018-05-02 16:10:24,489 INFO 10696 [model] [35mSELECT 1+1 AS result[39m (48ms)
2018-05-02 16:11:38,872 INFO 10718 [model] [35mSELECT VERSION() as `version`[39m (52ms)
2018-05-02 16:11:39,112 INFO 10718 [model] [35mSELECT 1+1 AS result[39m (47ms)
2018-05-02 16:11:51,660 WARN 10718 [-/127.0.0.1/-/0ms GET /] nodejs.UnauthorizedError: No authorization token was found
    at middleware (/Users/klren/Projects/live_bd/node_modules/koa-jwt2/lib/index.js:89:15)
    at dispatch (/Users/klren/Projects/live_bd/node_modules/koa-router/node_modules/koa-compose/index.js:44:32)
    at next (/Users/klren/Projects/live_bd/node_modules/koa-router/node_modules/koa-compose/index.js:45:18)
    at /Users/klren/Projects/live_bd/node_modules/koa-router/lib/router.js:346:16
    at dispatch (/Users/klren/Projects/live_bd/node_modules/koa-router/node_modules/koa-compose/index.js:44:32)
    at /Users/klren/Projects/live_bd/node_modules/koa-router/node_modules/koa-compose/index.js:36:12
    at dispatch (/Users/klren/Projects/live_bd/node_modules/koa-router/lib/router.js:351:31)
    at dispatch (/Users/klren/Projects/live_bd/node_modules/koa-compose/index.js:42:32)
    at next (/Users/klren/Projects/live_bd/node_modules/koa-compose/index.js:43:18)
    at notFoundHandler (/Users/klren/Projects/live_bd/app/middleware/notfound_handler.js:5:11)
    at dispatch (/Users/klren/Projects/live_bd/node_modules/koa-compose/index.js:42:32)
    at next (/Users/klren/Projects/live_bd/node_modules/koa-compose/index.js:43:18)
    at /Users/klren/Projects/live_bd/app/middleware/error_handler.js:6:13
    at dispatch (/Users/klren/Projects/live_bd/node_modules/koa-compose/index.js:42:32)
    at next (/Users/klren/Projects/live_bd/node_modules/koa-compose/index.js:43:18)
    at i18n (/Users/klren/Projects/live_bd/node_modules/egg-i18n/app/middleware/i18n.js:13:12)
    at dispatch (/Users/klren/Projects/live_bd/node_modules/koa-compose/index.js:42:32)
    at next (/Users/klren/Projects/live_bd/node_modules/koa-compose/index.js:43:18)
    at dispatch (/Users/klren/Projects/live_bd/node_modules/koa-compose/index.js:42:32)
    at next (/Users/klren/Projects/live_bd/node_modules/koa-compose/index.js:43:18)
    at dta (/Users/klren/Projects/live_bd/node_modules/egg-security/lib/middlewares/dta.js:12:12)
    at dispatch (/Users/klren/Projects/live_bd/node_modules/koa-compose/index.js:42:32)
name: 'UnauthorizedError'
message: 'No authorization token was found'
code: 'credentials_required'
status: 401
inner: { message: 'No authorization token was found' }
pid: 10718
hostname: renzhizhongdeMacBook-Air.local

2018-05-02 16:12:46,565 INFO 10729 [model] [35mSELECT VERSION() as `version`[39m (50ms)
2018-05-02 16:12:46,793 INFO 10729 [model] [35mSELECT 1+1 AS result[39m (44ms)
2018-05-02 16:12:53,599 INFO 10736 [model] [35mSELECT VERSION() as `version`[39m (51ms)
2018-05-02 16:12:53,849 INFO 10736 [model] [35mSELECT 1+1 AS result[39m (48ms)
2018-05-02 16:12:55,278 INFO 10737 [model] [35mSELECT VERSION() as `version`[39m (50ms)
2018-05-02 16:12:55,514 INFO 10737 [model] [35mSELECT 1+1 AS result[39m (45ms)
2018-05-02 16:17:03,713 INFO 10759 [model] [35mSELECT VERSION() as `version`[39m (53ms)
2018-05-02 16:17:03,952 INFO 10759 [model] [35mSELECT 1+1 AS result[39m (46ms)
2018-05-02 16:17:28,427 INFO 10776 [model] [35mSELECT VERSION() as `version`[39m (55ms)
2018-05-02 16:17:28,662 INFO 10776 [model] [35mSELECT 1+1 AS result[39m (44ms)
2018-05-02 16:18:33,774 INFO 10789 [model] [35mSELECT VERSION() as `version`[39m (51ms)
2018-05-02 16:18:34,011 INFO 10789 [model] [35mSELECT 1+1 AS result[39m (47ms)
2018-05-02 16:18:35,346 INFO 10790 [model] [35mSELECT VERSION() as `version`[39m (48ms)
2018-05-02 16:18:35,601 INFO 10790 [model] [35mSELECT 1+1 AS result[39m (52ms)
2018-05-02 16:21:21,386 INFO 10809 [model] [35mSELECT VERSION() as `version`[39m (53ms)
2018-05-02 16:21:21,622 INFO 10809 [model] [35mSELECT 1+1 AS result[39m (44ms)
2018-05-02 16:22:07,163 INFO 10832 [model] [35mSELECT VERSION() as `version`[39m (49ms)
2018-05-02 16:22:07,401 INFO 10832 [model] [35mSELECT 1+1 AS result[39m (48ms)
2018-05-02 16:22:08,695 INFO 10833 [model] [35mSELECT VERSION() as `version`[39m (62ms)
2018-05-02 16:22:08,932 INFO 10833 [model] [35mSELECT 1+1 AS result[39m (47ms)
2018-05-02 16:22:10,209 INFO 10834 [model] [35mSELECT VERSION() as `version`[39m (58ms)
2018-05-02 16:22:10,450 INFO 10834 [model] [35mSELECT 1+1 AS result[39m (49ms)
2018-05-02 16:22:22,424 INFO 10841 [model] [35mSELECT VERSION() as `version`[39m (49ms)
2018-05-02 16:22:22,661 INFO 10841 [model] [35mSELECT 1+1 AS result[39m (47ms)
2018-05-02 16:22:24,124 INFO 10842 [model] [35mSELECT VERSION() as `version`[39m (101ms)
2018-05-02 16:22:24,371 INFO 10842 [model] [35mSELECT 1+1 AS result[39m (49ms)
2018-05-02 16:23:39,199 INFO 10851 [model] [35mSELECT VERSION() as `version`[39m (57ms)
2018-05-02 16:23:39,436 INFO 10851 [model] [35mSELECT 1+1 AS result[39m (44ms)
2018-05-02 16:23:40,783 INFO 10852 [model] [35mSELECT VERSION() as `version`[39m (54ms)
2018-05-02 16:23:41,024 INFO 10852 [model] [35mSELECT 1+1 AS result[39m (46ms)
2018-05-02 16:23:43,056 INFO 10852 [model] [35mSELECT `id`, `username`, `password`, `email`, `livecode` FROM `user` AS `user` WHERE `user`.`id` = 25;[39m (47ms)
2018-05-02 16:24:45,876 INFO 10852 [model] [35mSELECT `id`, `username`, `password`, `email`, `livecode` FROM `user` AS `user` WHERE `user`.`id` = 25;[39m (45ms)
2018-05-02 16:26:38,110 INFO 10852 [model] [35mSELECT `id`, `username`, `password`, `email`, `livecode` FROM `user` AS `user` WHERE `user`.`id` = 25;[39m (47ms)
2018-05-02 16:26:38,205 INFO 10852 [model] [35mUPDATE `user` SET `email`='renzw@zzes1314.cn' WHERE `id` = 25[39m (66ms)
2018-05-02 16:29:03,246 INFO 10878 [model] [35mSELECT VERSION() as `version`[39m (47ms)
2018-05-02 16:29:03,487 INFO 10878 [model] [35mSELECT 1+1 AS result[39m (47ms)
2018-05-02 16:29:04,793 INFO 10885 [model] [35mSELECT VERSION() as `version`[39m (51ms)
2018-05-02 16:29:05,029 INFO 10885 [model] [35mSELECT 1+1 AS result[39m (46ms)
2018-05-02 16:31:26,264 INFO 10899 [model] [35mSELECT VERSION() as `version`[39m (50ms)
2018-05-02 16:31:26,498 INFO 10899 [model] [35mSELECT 1+1 AS result[39m (49ms)
2018-05-02 16:47:41,492 INFO 10944 [model] [35mSELECT VERSION() as `version`[39m (52ms)
2018-05-02 16:47:41,719 INFO 10944 [model] [35mSELECT 1+1 AS result[39m (43ms)
2018-05-02 16:49:16,878 INFO 10961 [model] [35mSELECT VERSION() as `version`[39m (53ms)
2018-05-02 16:49:17,118 INFO 10961 [model] [35mSELECT 1+1 AS result[39m (46ms)
2018-05-02 16:49:18,470 INFO 10962 [model] [35mSELECT VERSION() as `version`[39m (51ms)
2018-05-02 16:49:18,713 INFO 10962 [model] [35mSELECT 1+1 AS result[39m (45ms)
2018-05-02 16:50:15,710 INFO 10980 [model] [35mSELECT VERSION() as `version`[39m (52ms)
2018-05-02 16:50:15,946 INFO 10980 [model] [35mSELECT 1+1 AS result[39m (46ms)
2018-05-02 16:51:02,093 WARN 10980 [-/127.0.0.1/-/0ms GET /] nodejs.UnauthorizedError: No authorization token was found
    at middleware (/Users/klren/Projects/live_bd/node_modules/koa-jwt2/lib/index.js:89:15)
    at dispatch (/Users/klren/Projects/live_bd/node_modules/koa-router/node_modules/koa-compose/index.js:44:32)
    at next (/Users/klren/Projects/live_bd/node_modules/koa-router/node_modules/koa-compose/index.js:45:18)
    at /Users/klren/Projects/live_bd/node_modules/koa-router/lib/router.js:346:16
    at dispatch (/Users/klren/Projects/live_bd/node_modules/koa-router/node_modules/koa-compose/index.js:44:32)
    at /Users/klren/Projects/live_bd/node_modules/koa-router/node_modules/koa-compose/index.js:36:12
    at dispatch (/Users/klren/Projects/live_bd/node_modules/koa-router/lib/router.js:351:31)
    at dispatch (/Users/klren/Projects/live_bd/node_modules/koa-compose/index.js:42:32)
    at next (/Users/klren/Projects/live_bd/node_modules/koa-compose/index.js:43:18)
    at notFoundHandler (/Users/klren/Projects/live_bd/app/middleware/notfound_handler.js:5:11)
    at dispatch (/Users/klren/Projects/live_bd/node_modules/koa-compose/index.js:42:32)
    at next (/Users/klren/Projects/live_bd/node_modules/koa-compose/index.js:43:18)
    at /Users/klren/Projects/live_bd/app/middleware/error_handler.js:6:13
    at dispatch (/Users/klren/Projects/live_bd/node_modules/koa-compose/index.js:42:32)
    at next (/Users/klren/Projects/live_bd/node_modules/koa-compose/index.js:43:18)
    at i18n (/Users/klren/Projects/live_bd/node_modules/egg-i18n/app/middleware/i18n.js:13:12)
    at dispatch (/Users/klren/Projects/live_bd/node_modules/koa-compose/index.js:42:32)
    at next (/Users/klren/Projects/live_bd/node_modules/koa-compose/index.js:43:18)
    at dispatch (/Users/klren/Projects/live_bd/node_modules/koa-compose/index.js:42:32)
    at next (/Users/klren/Projects/live_bd/node_modules/koa-compose/index.js:43:18)
    at dta (/Users/klren/Projects/live_bd/node_modules/egg-security/lib/middlewares/dta.js:12:12)
    at dispatch (/Users/klren/Projects/live_bd/node_modules/koa-compose/index.js:42:32)
name: 'UnauthorizedError'
message: 'No authorization token was found'
code: 'credentials_required'
status: 401
inner: { message: 'No authorization token was found' }
pid: 10980
hostname: renzhizhongdeMacBook-Air.local

2018-05-02 16:51:09,413 INFO 10980 [model] [35mSELECT `id`, `username`, `password`, `email`, `livecode` FROM `user` AS `user` WHERE `user`.`username` = 'klren';[39m (48ms)
2018-05-02 16:51:53,388 INFO 10980 [model] [35mINSERT INTO `user` (`id`,`username`,`password`,`email`,`livecode`) VALUES (DEFAULT,'klren1ea23','$2a$10$YyI7C5sC1lu5Ldlvjd5Kg.m77Tf.xFmv8MSYhV.bcNOFXVpXIcgmm','klren12fea3@qq.com','klren1ea23');[39m (60ms)
2018-05-02 16:52:52,664 INFO 11000 [model] [35mSELECT VERSION() as `version`[39m (49ms)
2018-05-02 16:52:52,908 INFO 11000 [model] [35mSELECT 1+1 AS result[39m (47ms)
2018-05-02 16:53:21,068 INFO 11014 [model] [35mSELECT VERSION() as `version`[39m (51ms)
2018-05-02 16:53:21,315 INFO 11014 [model] [35mSELECT 1+1 AS result[39m (49ms)
2018-05-02 16:53:22,738 INFO 11015 [model] [35mSELECT VERSION() as `version`[39m (51ms)
2018-05-02 16:53:22,960 INFO 11015 [model] [35mSELECT 1+1 AS result[39m (45ms)
2018-05-02 16:53:44,591 INFO 11028 [model] [35mSELECT VERSION() as `version`[39m (48ms)
2018-05-02 16:53:44,838 INFO 11028 [model] [35mSELECT 1+1 AS result[39m (47ms)
2018-05-02 16:55:41,753 INFO 11043 [model] [35mSELECT VERSION() as `version`[39m (49ms)
2018-05-02 16:55:41,999 INFO 11043 [model] [35mSELECT 1+1 AS result[39m (53ms)
2018-05-02 16:56:08,722 INFO 11066 [model] [35mSELECT VERSION() as `version`[39m (50ms)
2018-05-02 16:56:08,967 INFO 11066 [model] [35mSELECT 1+1 AS result[39m (49ms)
2018-05-02 16:56:17,956 INFO 11081 [model] [35mSELECT VERSION() as `version`[39m (49ms)
2018-05-02 16:56:18,201 INFO 11081 [model] [35mSELECT 1+1 AS result[39m (47ms)
2018-05-02 16:56:51,311 INFO 11095 [model] [35mSELECT VERSION() as `version`[39m (49ms)
2018-05-02 16:56:51,544 INFO 11095 [model] [35mSELECT 1+1 AS result[39m (48ms)
2018-05-02 16:56:52,926 INFO 11096 [model] [35mSELECT VERSION() as `version`[39m (53ms)
2018-05-02 16:56:53,168 INFO 11096 [model] [35mSELECT 1+1 AS result[39m (46ms)
2018-05-02 16:57:43,975 INFO 11112 [model] [35mSELECT VERSION() as `version`[39m (51ms)
2018-05-02 16:57:44,232 INFO 11112 [model] [35mSELECT 1+1 AS result[39m (51ms)
2018-05-02 16:57:45,435 INFO 11113 [model] [35mSELECT VERSION() as `version`[39m (48ms)
2018-05-02 16:57:45,673 INFO 11113 [model] [35mSELECT 1+1 AS result[39m (47ms)
2018-05-02 17:02:32,289 INFO 11140 [model] [35mSELECT VERSION() as `version`[39m (52ms)
2018-05-02 17:02:32,523 INFO 11140 [model] [35mSELECT 1+1 AS result[39m (47ms)
2018-05-02 17:03:58,958 INFO 11149 [model] [35mSELECT VERSION() as `version`[39m (48ms)
2018-05-02 17:03:59,186 INFO 11149 [model] [35mSELECT 1+1 AS result[39m (46ms)
2018-05-02 17:06:02,529 INFO 11157 [model] [35mSELECT VERSION() as `version`[39m (57ms)
2018-05-02 17:06:02,761 INFO 11157 [model] [35mSELECT 1+1 AS result[39m (49ms)
2018-05-02 17:06:04,119 INFO 11158 [model] [35mSELECT VERSION() as `version`[39m (46ms)
2018-05-02 17:06:04,345 INFO 11158 [model] [35mSELECT 1+1 AS result[39m (42ms)
2018-05-02 17:07:46,849 INFO 11174 [model] [35mSELECT VERSION() as `version`[39m (48ms)
2018-05-02 17:07:47,091 INFO 11174 [model] [35mSELECT 1+1 AS result[39m (47ms)
2018-05-02 17:08:36,671 INFO 11187 [model] [35mSELECT VERSION() as `version`[39m (48ms)
2018-05-02 17:08:36,919 INFO 11187 [model] [35mSELECT 1+1 AS result[39m (48ms)
2018-05-02 17:08:38,254 INFO 11188 [model] [35mSELECT VERSION() as `version`[39m (50ms)
2018-05-02 17:08:38,494 INFO 11188 [model] [35mSELECT 1+1 AS result[39m (47ms)
2018-05-02 17:09:35,169 INFO 11196 [model] [35mSELECT VERSION() as `version`[39m (50ms)
2018-05-02 17:09:35,403 INFO 11196 [model] [35mSELECT 1+1 AS result[39m (45ms)
2018-05-02 17:10:05,638 INFO 11209 [model] [35mSELECT VERSION() as `version`[39m (139ms)
2018-05-02 17:10:05,942 INFO 11209 [model] [35mSELECT 1+1 AS result[39m (66ms)
2018-05-02 17:10:56,268 INFO 11223 [model] [35mSELECT VERSION() as `version`[39m (48ms)
2018-05-02 17:10:56,506 INFO 11223 [model] [35mSELECT 1+1 AS result[39m (46ms)
2018-05-02 17:10:57,851 INFO 11224 [model] [35mSELECT VERSION() as `version`[39m (47ms)
2018-05-02 17:10:58,107 INFO 11224 [model] [35mSELECT 1+1 AS result[39m (50ms)
2018-05-02 17:11:00,726 INFO 11224 [model] [35mDELETE FROM `user` WHERE `id` = 32[39m (67ms)
2018-05-02 17:11:15,764 INFO 11224 [model] [35mDELETE FROM `user` WHERE `id` = 32[39m (42ms)
2018-05-02 17:11:15,769 WARN 11224 [-/127.0.0.1/-/1ms GET /] nodejs.NotFoundError: user not found
    at Object.throw (/Users/klren/Projects/live_bd/node_modules/koa/lib/context.js:93:11)
    at UserService.deleteById (/Users/klren/Projects/live_bd/app/service/user.js:67:21)
    at <anonymous>
message: 'user not found'
pid: 11224
hostname: renzhizhongdeMacBook-Air.local

2018-05-02 17:12:21,902 INFO 11239 [model] [35mSELECT VERSION() as `version`[39m (54ms)
2018-05-02 17:12:22,191 INFO 11239 [model] [35mSELECT 1+1 AS result[39m (55ms)
2018-05-02 17:12:23,679 INFO 11240 [model] [35mSELECT VERSION() as `version`[39m (48ms)
2018-05-02 17:12:23,991 INFO 11239 [model] [35mDELETE FROM `user` WHERE `id` = 32[39m (46ms)
2018-05-02 17:12:23,996 WARN 11239 [-/127.0.0.1/-/0ms GET /] nodejs.NotFoundError: 没有此用户
    at Object.throw (/Users/klren/Projects/live_bd/node_modules/koa/lib/context.js:93:11)
    at UserService.deleteById (/Users/klren/Projects/live_bd/app/service/user.js:67:21)
    at <anonymous>
message: '没有此用户'
pid: 11239
hostname: renzhizhongdeMacBook-Air.local

2018-05-02 17:12:23,915 INFO 11240 [model] [35mSELECT 1+1 AS result[39m (48ms)
2018-05-02 17:12:45,879 INFO 11255 [model] [35mSELECT VERSION() as `version`[39m (51ms)
2018-05-02 17:12:46,123 INFO 11255 [model] [35mSELECT 1+1 AS result[39m (49ms)
2018-05-02 17:12:51,971 INFO 11268 [model] [35mSELECT VERSION() as `version`[39m (54ms)
2018-05-02 17:12:52,217 INFO 11268 [model] [35mSELECT 1+1 AS result[39m (48ms)
